[+] Containers:
 |- [+] Container: /Game/ThirdPerson/Maps/ThirdPersonMap
 |   |- [+] ActorDescs:
 |   |   |- Guid:08F9DC56444CFFF3F13B379E81EF05BC BaseClass: NativeClass:/Script/Engine.StaticMeshActor Name:StaticMeshActor_16 Label:SM_Cube11 SpatiallyLoaded:1 Bounds:IsValid=true, Min=(X=400.000 Y=2600.000 Z=0.000), Max=(X=700.000 Y=2900.000 Z=200.000) RuntimeGrid:None EditorOnly:0 RuntimeOnly:0 HLODRelevant:1 FolderPath:Block03 FolderGuid:7B7009C345D3D6DD94D3429E1D79C034
 |   |   |- Guid:0A733B864C327F0B589EC8BBDD0265BC BaseClass: NativeClass:/Script/Engine.StaticMeshActor Name:StaticMeshActor_13 Label:SM_Cube9 SpatiallyLoaded:1 Bounds:IsValid=true, Min=(X=1800.000 Y=1500.000 Z=0.000), Max=(X=2000.000 Y=2200.000 Z=100.000) RuntimeGrid:None EditorOnly:0 RuntimeOnly:0 HLODRelevant:1 FolderPath:Block01 FolderGuid:7D23E5AE4C2A421F86AF6986D87E6D05
 |   |   |- Guid:11532D7C4F5EE0DC6D374196DA6C265F BaseClass: NativeClass:/Script/Niagara.NiagaraActor Name:NiagaraActor_UAID_704D7B63233DE67601_2101682276 Label:Dust_In_Air30 SpatiallyLoaded:1 Bounds:IsValid=true, Min=(X=-710.000 Y=1040.000 Z=-1000.000), Max=(X=1290.000 Y=3040.000 Z=1000.000) RuntimeGrid:None EditorOnly:0 RuntimeOnly:0 HLODRelevant:0
 |   |   |- Guid:196B48E849C7BAC4FEB0C1BA70E02ED5 BaseClass: NativeClass:/Script/Niagara.NiagaraActor Name:NiagaraActor_UAID_704D7B63233DE67601_2021513263 Label:Dust_In_Air17 SpatiallyLoaded:1 Bounds:IsValid=true, Min=(X=510.000 Y=1720.000 Z=-800.000), Max=(X=2510.000 Y=3720.000 Z=1200.000) RuntimeGrid:None EditorOnly:0 RuntimeOnly:0 HLODRelevant:0
 |   |   |- Guid:1A789DC8415097E9856E5DB60740F01D BaseClass: NativeClass:/Script/Engine.StaticMeshActor Name:StaticMeshActor_34 Label:SM_QuarterCylinder13 SpatiallyLoaded:1 Bounds:IsValid=true, Min=(X=2000.000 Y=500.000 Z=0.000), Max=(X=2200.000 Y=700.000 Z=100.000) RuntimeGrid:None EditorOnly:0 RuntimeOnly:0 HLODRelevant:1 FolderPath:Cylinder FolderGuid:D075E5BA49330D3EC2503D81A7CF88D1
 |   |   |- Guid:1B9598344A1F20E1A5125DA8A7E9FC0F BaseClass: NativeClass:/Script/Engine.StaticMeshActor Name:StaticMeshActor_22 Label:SM_QuarterCylinder4 SpatiallyLoaded:1 Bounds:IsValid=true, Min=(X=300.000 Y=2600.000 Z=0.000), Max=(X=400.000 Y=2700.000 Z=200.000) RuntimeGrid:None EditorOnly:0 RuntimeOnly:0 HLODRelevant:1 FolderPath:Block03 FolderGuid:7B7009C345D3D6DD94D3429E1D79C034
 |   |   |- Guid:21437C0448CE805C134B9EA81872E67A BaseClass: NativeClass:/Script/Niagara.NiagaraActor Name:NiagaraActor_UAID_704D7B63233DE67601_1949818249 Label:Dust_In_Air3 SpatiallyLoaded:1 Bounds:IsValid=true, Min=(X=890.000 Y=160.000 Z=-1000.000), Max=(X=2890.000 Y=2160.000 Z=1000.000) RuntimeGrid:None EditorOnly:0 RuntimeOnly:0 HLODRelevant:0
 |   |   |- Guid:233344D447C7AC70E8D801B7D7E43779 BaseClass: NativeClass:/Script/Niagara.NiagaraActor Name:NiagaraActor_UAID_704D7B63233DE67601_1961627253 Label:Dust_In_Air7 SpatiallyLoaded:1 Bounds:IsValid=true, Min=(X=1550.000 Y=760.000 Z=-1000.000), Max=(X=3550.000 Y=2760.000 Z=1000.000) RuntimeGrid:None EditorOnly:0 RuntimeOnly:0 HLODRelevant:0
 |   |   |- Guid:2412CE464F9787E482F1499B3B3AEC30 BaseClass: NativeClass:/Script/Niagara.NiagaraActor Name:NiagaraActor_UAID_704D7B63233DE67601_2008339260 Label:Dust_In_Air14 SpatiallyLoaded:1 Bounds:IsValid=true, Min=(X=-500.000 Y=1720.000 Z=-800.000), Max=(X=1500.000 Y=3720.000 Z=1200.000) RuntimeGrid:None EditorOnly:0 RuntimeOnly:0 HLODRelevant:0
 |   |   |- Guid:26B8C3BE41021A3F42B61FA534F9181E BaseClass: NativeClass:/Script/Engine.StaticMeshActor Name:StaticMeshActor_20 Label:SM_Cube12 SpatiallyLoaded:1 Bounds:IsValid=true, Min=(X=2500.000 Y=2700.000 Z=0.000), Max=(X=2600.000 Y=2800.000 Z=200.000) RuntimeGrid:None EditorOnly:0 RuntimeOnly:0 HLODRelevant:1 FolderPath:Block02 FolderGuid:EBA23F8248252949750E43911A3A1CDD
 |   |   |- Guid:26F15C074728DC5694BC44B08F1B7B47 BaseClass: NativeClass:/Script/Niagara.NiagaraActor Name:NiagaraActor_UAID_704D7B63233DE67601_2084551272 Label:Dust_In_Air26 SpatiallyLoaded:1 Bounds:IsValid=true, Min=(X=1620.000 Y=-160.000 Z=-1000.000), Max=(X=3620.000 Y=1840.000 Z=1000.000) RuntimeGrid:None EditorOnly:0 RuntimeOnly:0 HLODRelevant:0
 |   |   |- Guid:2B9B4AFF4508371E7668E3BA31D37FFC BaseClass: NativeClass:/Script/Niagara.NiagaraActor Name:NiagaraActor_UAID_704D7B63233DE67601_2014438262 Label:Dust_In_Air16 SpatiallyLoaded:1 Bounds:IsValid=true, Min=(X=-180.000 Y=1550.000 Z=-1000.000), Max=(X=1820.000 Y=3550.000 Z=1000.000) RuntimeGrid:None EditorOnly:0 RuntimeOnly:0 HLODRelevant:0
 |   |   |- Guid:2D9AD44B4131848C6B3C67B35207DB1E BaseClass: NativeClass:/Script/Niagara.NiagaraActor Name:NiagaraActor_UAID_704D7B63233DE67601_2134273282 Label:Dust_In_Air36 SpatiallyLoaded:1 Bounds:IsValid=true, Min=(X=300.000 Y=560.000 Z=-1000.000), Max=(X=2300.000 Y=2560.000 Z=1000.000) RuntimeGrid:None EditorOnly:0 RuntimeOnly:0 HLODRelevant:0
 |   |   |- Guid:2FB58999456391D349DC0F86DAC136ED BaseClass: NativeClass:/Script/Engine.SkyLight Name:SkyLight_1 Label:SkyLight SpatiallyLoaded:0 Bounds:IsValid=true, Min=(X=0.000 Y=0.000 Z=690.000), Max=(X=0.000 Y=0.000 Z=690.000) RuntimeGrid:None EditorOnly:0 RuntimeOnly:0 HLODRelevant:0 FolderPath:Lighting FolderGuid:963EC3EB4002CCE9759E2EBA541A873A
 |   |   |- Guid:316CF2A6494ACA4C0E4180A87D36AB8F BaseClass: NativeClass:/Script/Engine.ExponentialHeightFog Name:ExponentialHeightFog_0 Label:ExponentialHeightFog SpatiallyLoaded:0 Bounds:IsValid=true, Min=(X=-5600.000 Y=-50.000 Z=-6850.000), Max=(X=-5600.000 Y=-50.000 Z=-6850.000) RuntimeGrid:None EditorOnly:0 RuntimeOnly:0 HLODRelevant:0 FolderPath:Lighting FolderGuid:963EC3EB4002CCE9759E2EBA541A873A
 |   |   |- Guid:34445A6648480811DD36B0A10D3F3EB9 BaseClass: NativeClass:/Script/Niagara.NiagaraActor Name:NiagaraActor_UAID_704D7B63233DE67601_2091170274 Label:Dust_In_Air28 SpatiallyLoaded:1 Bounds:IsValid=true, Min=(X=-100.000 Y=720.000 Z=-1000.000), Max=(X=1900.000 Y=2720.000 Z=1000.000) RuntimeGrid:None EditorOnly:0 RuntimeOnly:0 HLODRelevant:0
 |   |   |- Guid:38BD930040D2F9F9597064946FB6F105 BaseClass: NativeClass:/Script/Niagara.NiagaraActor Name:NiagaraActor_UAID_704D7B63233DE67601_2128731281 Label:Dust_In_Air35 SpatiallyLoaded:1 Bounds:IsValid=true, Min=(X=-590.000 Y=-730.000 Z=-1000.000), Max=(X=1410.000 Y=1270.000 Z=1000.000) RuntimeGrid:None EditorOnly:0 RuntimeOnly:0 HLODRelevant:0
 |   |   |- Guid:3A00AA1C422CE54C0BDB60BAF471BFBB BaseClass: NativeClass:/Script/Engine.PlayerStart Name:PlayerStart_0 Label:PlayerStart SpatiallyLoaded:0 Bounds:IsValid=true, Min=(X=860.000 Y=1070.000 Z=0.013), Max=(X=940.000 Y=1150.000 Z=184.013) RuntimeGrid:None EditorOnly:0 RuntimeOnly:0 HLODRelevant:0
 |   |   |- Guid:3AE828094923C570D521F894FDC312EC BaseClass: NativeClass:/Script/Niagara.NiagaraActor Name:NiagaraActor_UAID_704D7B63233DE67601_1944666247 Label:Dust_In_Air SpatiallyLoaded:1 Bounds:IsValid=true, Min=(X=50.000 Y=330.000 Z=-1000.000), Max=(X=2050.000 Y=2330.000 Z=1000.000) RuntimeGrid:None EditorOnly:0 RuntimeOnly:0 HLODRelevant:0
 |   |   |- Guid:41EBEFB6440ED6D9860BFCACBB2877D7 BaseClass: NativeClass:/Script/Niagara.NiagaraActor Name:NiagaraActor_UAID_704D7B63233DE67601_2080302271 Label:Dust_In_Air25 SpatiallyLoaded:1 Bounds:IsValid=true, Min=(X=1140.000 Y=840.000 Z=-1000.000), Max=(X=3140.000 Y=2840.000 Z=1000.000) RuntimeGrid:None EditorOnly:0 RuntimeOnly:0 HLODRelevant:0
 |   |   |- Guid:43815E84492231AFC407F59E3C28176B BaseClass: NativeClass:/Script/Engine.StaticMeshActor Name:StaticMeshActor_4 Label:SM_Cube6 SpatiallyLoaded:1 Bounds:IsValid=true, Min=(X=2900.000 Y=100.000 Z=0.000), Max=(X=3000.000 Y=3400.000 Z=400.000) RuntimeGrid:None EditorOnly:0 RuntimeOnly:0 HLODRelevant:1 FolderPath:Playground FolderGuid:C73F09FC4215536B1DCE2A9E0A830C70
 |   |   |- Guid:43CE5815450811C89B676E9F3CE4C3D5 BaseClass: NativeClass:/Script/Niagara.NiagaraActor Name:NiagaraActor_UAID_704D7B63233DE67601_1995722257 Label:Dust_In_Air11 SpatiallyLoaded:1 Bounds:IsValid=true, Min=(X=940.000 Y=-500.000 Z=-1000.000), Max=(X=2940.000 Y=1500.000 Z=1000.000) RuntimeGrid:None EditorOnly:0 RuntimeOnly:0 HLODRelevant:0
 |   |   |- Guid:4674EC5749801A00F5203180B4BA7521 BaseClass: NativeClass:/Script/Niagara.NiagaraActor Name:NiagaraActor_UAID_704D7B63233DE67601_2067399270 Label:Dust_In_Air24 SpatiallyLoaded:1 Bounds:IsValid=true, Min=(X=500.000 Y=-50.000 Z=-1000.000), Max=(X=2500.000 Y=1950.000 Z=1000.000) RuntimeGrid:None EditorOnly:0 RuntimeOnly:0 HLODRelevant:0
 |   |   |- Guid:4D3BE93F4146AAAC8BBE79999D96D57F BaseClass: NativeClass:/Script/Engine.VolumetricCloud Name:VolumetricCloud_0 Label:VolumetricCloud SpatiallyLoaded:0 Bounds:IsValid=true, Min=(X=0.000 Y=0.000 Z=820.000), Max=(X=0.000 Y=0.000 Z=820.000) RuntimeGrid:None EditorOnly:0 RuntimeOnly:0 HLODRelevant:0 FolderPath:Lighting FolderGuid:963EC3EB4002CCE9759E2EBA541A873A
 |   |   |- Guid:559DD1844DA5F6D049DA798649C796CD BaseClass: NativeClass:/Script/Niagara.NiagaraActor Name:NiagaraActor_UAID_704D7B63233DE67601_2011170261 Label:Dust_In_Air15 SpatiallyLoaded:1 Bounds:IsValid=true, Min=(X=-690.000 Y=1480.000 Z=-1000.000), Max=(X=1310.000 Y=3480.000 Z=1000.000) RuntimeGrid:None EditorOnly:0 RuntimeOnly:0 HLODRelevant:0
 |   |   |- Guid:59CE89D047C75FBE41189BA8ABD2CA2A BaseClass: NativeClass:/Script/Engine.StaticMeshActor Name:StaticMeshActor_18 Label:SM_QuarterCylinder SpatiallyLoaded:1 Bounds:IsValid=true, Min=(X=2500.000 Y=2800.000 Z=0.000), Max=(X=2600.000 Y=2900.000 Z=200.000) RuntimeGrid:None EditorOnly:0 RuntimeOnly:0 HLODRelevant:1 FolderPath:Block02 FolderGuid:EBA23F8248252949750E43911A3A1CDD
 |   |   |- Guid:5A3AB42942FCF3EBF19FB9819471C4AA BaseClass: NativeClass:/Script/Niagara.NiagaraActor Name:NiagaraActor_UAID_704D7B63233DE67601_1947280248 Label:Dust_In_Air2 SpatiallyLoaded:1 Bounds:IsValid=true, Min=(X=-290.000 Y=-310.000 Z=-1000.000), Max=(X=1710.000 Y=1690.000 Z=1000.000) RuntimeGrid:None EditorOnly:0 RuntimeOnly:0 HLODRelevant:0
 |   |   |- Guid:5B97F4A64FB21F77EFC44386BF705B4C BaseClass: NativeClass:/Script/Engine.TextRenderActor Name:TextRenderActor_1 Label:TextRenderActor SpatiallyLoaded:1 Bounds:IsValid=true, Min=(X=-0.100 Y=1100.000 Z=65.013), Max=(X=-0.100 Y=2392.308 Z=215.013) RuntimeGrid:None EditorOnly:0 RuntimeOnly:0 HLODRelevant:0
 |   |   |- Guid:5E4DB4154690C8B4EB14EAA9E92FAAFF BaseClass: NativeClass:/Script/Engine.StaticMeshActor Name:StaticMeshActor_33 Label:SM_QuarterCylinder12 SpatiallyLoaded:1 Bounds:IsValid=true, Min=(X=2000.000 Y=700.000 Z=0.000), Max=(X=2200.000 Y=900.000 Z=100.000) RuntimeGrid:None EditorOnly:0 RuntimeOnly:0 HLODRelevant:1 FolderPath:Cylinder FolderGuid:D075E5BA49330D3EC2503D81A7CF88D1
 |   |   |- Guid:69F01C7A4862993E0B3955BB80915249 BaseClass: NativeClass:/Script/Niagara.NiagaraActor Name:NiagaraActor_UAID_704D7B63233DE67601_2023922264 Label:Dust_In_Air18 SpatiallyLoaded:1 Bounds:IsValid=true, Min=(X=1060.000 Y=1700.000 Z=-800.000), Max=(X=3060.000 Y=3700.000 Z=1200.000) RuntimeGrid:None EditorOnly:0 RuntimeOnly:0 HLODRelevant:0
 |   |   |- Guid:69F19D8849AA00CBA9175895797EFB66 BaseClass: NativeClass:/Script/Niagara.NiagaraActor Name:NiagaraActor_UAID_704D7B63233DE67601_1972803254 Label:Dust_In_Air8 SpatiallyLoaded:1 Bounds:IsValid=true, Min=(X=1030.000 Y=2110.000 Z=-1000.000), Max=(X=3030.000 Y=4110.000 Z=1000.000) RuntimeGrid:None EditorOnly:0 RuntimeOnly:0 HLODRelevant:0
 |   |   |- Guid:6BAF4DDD444C60371492D3919DB42C97 BaseClass: NativeClass:/Script/Engine.WorldDataLayers Name:WorldDataLayers Label:WorldDataLayers SpatiallyLoaded:0 Bounds:IsValid=true, Min=(X=0.000 Y=0.000 Z=0.000), Max=(X=0.000 Y=0.000 Z=0.000) RuntimeGrid:None EditorOnly:0 RuntimeOnly:0 HLODRelevant:0
 |   |   |- Guid:745A095B4BA4E157E4537FA63F5B7B43 BaseClass: NativeClass:/Script/Engine.StaticMeshActor Name:StaticMeshActor_2 Label:SM_ChamferCube SpatiallyLoaded:1 Bounds:IsValid=true, Min=(X=1100.000 Y=2000.000 Z=0.013), Max=(X=1200.000 Y=2100.000 Z=100.013) RuntimeGrid:None EditorOnly:0 RuntimeOnly:0 HLODRelevant:0
 |   |   |- Guid:7587444F4FB13B9B9CD114BBE7885340 BaseClass: NativeClass:/Script/Engine.StaticMeshActor Name:StaticMeshActor_19 Label:SM_QuarterCylinder2 SpatiallyLoaded:1 Bounds:IsValid=true, Min=(X=2500.000 Y=2600.000 Z=0.000), Max=(X=2600.000 Y=2700.000 Z=200.000) RuntimeGrid:None EditorOnly:0 RuntimeOnly:0 HLODRelevant:1 FolderPath:Block02 FolderGuid:EBA23F8248252949750E43911A3A1CDD
 |   |   |- Guid:795F44FD4775F0C364BAC7A5D4E8DEF1 BaseClass: NativeClass:/Script/Niagara.NiagaraActor Name:NiagaraActor_UAID_704D7B63233DE67601_2108849277 Label:Dust_In_Air31 SpatiallyLoaded:1 Bounds:IsValid=true, Min=(X=-100.000 Y=-700.000 Z=-1000.000), Max=(X=1900.000 Y=1300.000 Z=1000.000) RuntimeGrid:None EditorOnly:0 RuntimeOnly:0 HLODRelevant:0
 |   |   |- Guid:79C9B0C246824948C2428ABA13657451 BaseClass: NativeClass:/Script/Engine.StaticMeshActor Name:StaticMeshActor_25 Label:SM_QuarterCylinder6 SpatiallyLoaded:1 Bounds:IsValid=true, Min=(X=1200.000 Y=2200.000 Z=0.000), Max=(X=1300.000 Y=2300.000 Z=200.000) RuntimeGrid:None EditorOnly:0 RuntimeOnly:0 HLODRelevant:1 FolderPath:Block01 FolderGuid:7D23E5AE4C2A421F86AF6986D87E6D05
 |   |   |- Guid:7C172A0740B33B6D38EEF38A63E0B945 BaseClass: NativeClass:/Script/Engine.StaticMeshActor Name:StaticMeshActor_3 Label:SM_Ramp SpatiallyLoaded:1 Bounds:IsValid=true, Min=(X=1300.000 Y=600.000 Z=0.000), Max=(X=1700.000 Y=800.000 Z=30.000) RuntimeGrid:None EditorOnly:0 RuntimeOnly:0 HLODRelevant:1
 |   |   |- Guid:888AB4564D6B1B4DC447EFB2CF49A2E8 BaseClass: NativeClass:/Script/Niagara.NiagaraActor Name:NiagaraActor_UAID_704D7B63233DE67601_1998491258 Label:Dust_In_Air12 SpatiallyLoaded:1 Bounds:IsValid=true, Min=(X=120.000 Y=-430.000 Z=-1000.000), Max=(X=2120.000 Y=1570.000 Z=1000.000) RuntimeGrid:None EditorOnly:0 RuntimeOnly:0 HLODRelevant:0
 |   |   |- Guid:8C08A883492727DEBD18D6A368E58709 BaseClass: NativeClass:/Script/Niagara.NiagaraActor Name:NiagaraActor_UAID_704D7B63233DE67601_2053151268 Label:Dust_In_Air22 SpatiallyLoaded:1 Bounds:IsValid=true, Min=(X=1570.000 Y=-650.000 Z=-1000.000), Max=(X=3570.000 Y=1350.000 Z=1000.000) RuntimeGrid:None EditorOnly:0 RuntimeOnly:0 HLODRelevant:0
 |   |   |- Guid:94F6D9A645798F5BAD0B58BEED8F27F5 BaseClass: NativeClass:/Script/Engine.StaticMeshActor Name:StaticMeshActor_32 Label:SM_QuarterCylinder11 SpatiallyLoaded:1 Bounds:IsValid=true, Min=(X=2200.000 Y=700.000 Z=-0.000), Max=(X=2400.000 Y=900.000 Z=100.000) RuntimeGrid:None EditorOnly:0 RuntimeOnly:0 HLODRelevant:1 FolderPath:Cylinder FolderGuid:D075E5BA49330D3EC2503D81A7CF88D1
 |   |   |- Guid:961864A84FF6F65B68F2A3BE5819D538 BaseClass: NativeClass:/Script/Engine.StaticMeshActor Name:StaticMeshActor_8 Label:SM_Cube4 SpatiallyLoaded:1 Bounds:IsValid=true, Min=(X=1200.000 Y=1700.000 Z=0.000), Max=(X=1800.000 Y=2200.000 Z=200.000) RuntimeGrid:None EditorOnly:0 RuntimeOnly:0 HLODRelevant:1 FolderPath:Block01 FolderGuid:7D23E5AE4C2A421F86AF6986D87E6D05
 |   |   |- Guid:9635215F438BFC54865AC7A0395E944C BaseClass: NativeClass:/Script/Niagara.NiagaraActor Name:NiagaraActor_UAID_704D7B63233DE67601_2126658280 Label:Dust_In_Air34 SpatiallyLoaded:1 Bounds:IsValid=true, Min=(X=440.000 Y=-680.000 Z=-1000.000), Max=(X=2440.000 Y=1320.000 Z=1000.000) RuntimeGrid:None EditorOnly:0 RuntimeOnly:0 HLODRelevant:0
 |   |   |- Guid:9765ECF54858C165188C95B28D88016B BaseClass: NativeClass:/Script/Engine.StaticMeshActor Name:StaticMeshActor_12 Label:SM_Cube8 SpatiallyLoaded:1 Bounds:IsValid=true, Min=(X=1300.000 Y=2600.000 Z=0.000), Max=(X=2500.000 Y=2900.000 Z=200.000) RuntimeGrid:None EditorOnly:0 RuntimeOnly:0 HLODRelevant:1 FolderPath:Block02 FolderGuid:EBA23F8248252949750E43911A3A1CDD
 |   |   |- Guid:99A8EF6744F32E2ABEFF32814FFA0B29 BaseClass: NativeClass:/Script/Niagara.NiagaraActor Name:NiagaraActor_UAID_704D7B63233DE67601_2087169273 Label:Dust_In_Air27 SpatiallyLoaded:1 Bounds:IsValid=true, Min=(X=1180.000 Y=-310.000 Z=-900.000), Max=(X=3180.000 Y=1690.000 Z=1100.000) RuntimeGrid:None EditorOnly:0 RuntimeOnly:0 HLODRelevant:0
 |   |   |- Guid:9ABF78124C017DFBD66ADF98C9201EEC BaseClass: NativeClass:/Script/Engine.AmbientSound Name:AmbientSound_UAID_704D7B63233DE77601_1500365459 Label:Random_FootSteps SpatiallyLoaded:1 Bounds:IsValid=true, Min=(X=1080.000 Y=1250.000 Z=0.000), Max=(X=1080.000 Y=1250.000 Z=0.000) RuntimeGrid:None EditorOnly:0 RuntimeOnly:0 HLODRelevant:0
 |   |   |- Guid:9BFF363746062F457E2F92A4631DBA20 BaseClass: NativeClass:/Script/Engine.StaticMeshActor Name:StaticMeshActor_11 Label:SM_ChamferCube3 SpatiallyLoaded:1 Bounds:IsValid=true, Min=(X=481.699 Y=2271.699 Z=0.013), Max=(X=618.301 Y=2408.301 Z=100.013) RuntimeGrid:None EditorOnly:0 RuntimeOnly:0 HLODRelevant:0
 |   |   |- Guid:A56216954B2165CF0F35A886B537D536 BaseClass: NativeClass:/Script/Engine.StaticMeshActor Name:StaticMeshActor_0 Label:SM_Cube5 SpatiallyLoaded:1 Bounds:IsValid=true, Min=(X=-0.000 Y=100.000 Z=0.000), Max=(X=100.000 Y=3400.000 Z=400.000) RuntimeGrid:None EditorOnly:0 RuntimeOnly:0 HLODRelevant:1 FolderPath:Playground FolderGuid:C73F09FC4215536B1DCE2A9E0A830C70
 |   |   |- Guid:AB74120142217676C6EC818E6B49412B BaseClass: NativeClass:/Script/Engine.StaticMeshActor Name:StaticMeshActor_15 Label:SM_Cube10 SpatiallyLoaded:1 Bounds:IsValid=true, Min=(X=1800.000 Y=2100.000 Z=100.000), Max=(X=2000.000 Y=2200.000 Z=200.000) RuntimeGrid:None EditorOnly:0 RuntimeOnly:0 HLODRelevant:1 FolderPath:Block01 FolderGuid:7D23E5AE4C2A421F86AF6986D87E6D05
 |   |   |- Guid:AD2047D9450A6A167A6962991EA3A279 BaseClass: NativeClass:/Script/Niagara.NiagaraActor Name:NiagaraActor_UAID_704D7B63233DE67601_2097129275 Label:Dust_In_Air29 SpatiallyLoaded:1 Bounds:IsValid=true, Min=(X=-80.000 Y=-30.000 Z=-1000.000), Max=(X=1920.000 Y=1970.000 Z=1000.000) RuntimeGrid:None EditorOnly:0 RuntimeOnly:0 HLODRelevant:0
 |   |   |- Guid:AF5232AC478D8E99EB7927A144BF96AA BaseClass: NativeClass:/Script/Niagara.NiagaraActor Name:NiagaraActor_UAID_704D7B63233DE67601_2110874278 Label:Dust_In_Air32 SpatiallyLoaded:1 Bounds:IsValid=true, Min=(X=910.000 Y=-750.000 Z=-1000.000), Max=(X=2910.000 Y=1250.000 Z=1000.000) RuntimeGrid:None EditorOnly:0 RuntimeOnly:0 HLODRelevant:0
 |   |   |- Guid:B02D6E02479B45B2C299E6819D9FD899 BaseClass: NativeClass:/Script/Niagara.NiagaraActor Name:NiagaraActor_UAID_704D7B63233DE67601_2118405279 Label:Dust_In_Air33 SpatiallyLoaded:1 Bounds:IsValid=true, Min=(X=1000.000 Y=480.000 Z=-1000.000), Max=(X=3000.000 Y=2480.000 Z=1000.000) RuntimeGrid:None EditorOnly:0 RuntimeOnly:0 HLODRelevant:0
 |   |   |- Guid:B1DB6D594C586993998E218CAE3B5AFE BaseClass: NativeClass:/Script/Niagara.NiagaraActor Name:NiagaraActor_UAID_704D7B63233DE67601_1975443255 Label:Dust_In_Air9 SpatiallyLoaded:1 Bounds:IsValid=true, Min=(X=100.000 Y=2080.000 Z=-1000.000), Max=(X=2100.000 Y=4080.000 Z=1000.000) RuntimeGrid:None EditorOnly:0 RuntimeOnly:0 HLODRelevant:0
 |   |   |- Guid:B785ED2844B84CFB91E7F39FE661CD99 BaseClass: NativeClass:/Script/Engine.DirectionalLight Name:DirectionalLight_0 Label:DirectionalLight SpatiallyLoaded:0 Bounds:IsValid=true, Min=(X=-1048576.000 Y=-1048576.000 Z=-1048576.000), Max=(X=1048576.000 Y=1048576.000 Z=1048576.000) RuntimeGrid:None EditorOnly:0 RuntimeOnly:0 HLODRelevant:0 FolderPath:Lighting FolderGuid:963EC3EB4002CCE9759E2EBA541A873A
 |   |   |- Guid:BC08B79C4EA3C961CFF75EBBE83B367D BaseClass: NativeClass:/Script/Engine.StaticMeshActor Name:StaticMeshActor_5 Label:SM_Cube2 SpatiallyLoaded:1 Bounds:IsValid=true, Min=(X=0.000 Y=0.000 Z=0.000), Max=(X=3000.000 Y=100.000 Z=400.000) RuntimeGrid:None EditorOnly:0 RuntimeOnly:0 HLODRelevant:1 FolderPath:Playground FolderGuid:C73F09FC4215536B1DCE2A9E0A830C70
 |   |   |- Guid:BFB708B84C783FCD26C560A0EA335482 BaseClass: NativeClass:/Script/Niagara.NiagaraActor Name:NiagaraActor_UAID_704D7B63233DE67601_2026867265 Label:Dust_In_Air19 SpatiallyLoaded:1 Bounds:IsValid=true, Min=(X=430.000 Y=980.000 Z=-800.000), Max=(X=2430.000 Y=2980.000 Z=1200.000) RuntimeGrid:None EditorOnly:0 RuntimeOnly:0 HLODRelevant:0
 |   |   |- Guid:C15C2C8D4EA4ADE0BD1349AFD814988B BaseClass: NativeClass:/Script/Engine.StaticMeshActor Name:StaticMeshActor_14 Label:SM_Ramp3 SpatiallyLoaded:1 Bounds:IsValid=true, Min=(X=1800.000 Y=1700.000 Z=100.000), Max=(X=2000.000 Y=2100.000 Z=200.000) RuntimeGrid:None EditorOnly:0 RuntimeOnly:0 HLODRelevant:1 FolderPath:Block01 FolderGuid:7D23E5AE4C2A421F86AF6986D87E6D05
 |   |   |- Guid:CAD36153424ABBD3EC5C9191C6751058 BaseClass: NativeClass:/Script/Niagara.NiagaraActor Name:NiagaraActor_UAID_704D7B63233DE67601_1952681250 Label:Dust_In_Air4 SpatiallyLoaded:1 Bounds:IsValid=true, Min=(X=-480.000 Y=570.000 Z=-1000.000), Max=(X=1520.000 Y=2570.000 Z=1000.000) RuntimeGrid:None EditorOnly:0 RuntimeOnly:0 HLODRelevant:0
 |   |   |- Guid:CCFF262C46EEFFDF319E7F9539CE697E BaseClass: NativeClass:/Script/Engine.SkyAtmosphere Name:SkyAtmosphere_0 Label:SkyAtmosphere SpatiallyLoaded:0 Bounds:IsValid=true, Min=(X=0.000 Y=0.000 Z=1020.000), Max=(X=0.000 Y=0.000 Z=1020.000) RuntimeGrid:None EditorOnly:0 RuntimeOnly:0 HLODRelevant:0 FolderPath:Lighting FolderGuid:963EC3EB4002CCE9759E2EBA541A873A
 |   |   |- Guid:D6F18739451497A123317FBD6DEECAD9 BaseClass: NativeClass:/Script/Niagara.NiagaraActor Name:NiagaraActor_UAID_704D7B63233DE67601_1978814256 Label:Dust_In_Air10 SpatiallyLoaded:1 Bounds:IsValid=true, Min=(X=-400.000 Y=2090.000 Z=-1000.000), Max=(X=1600.000 Y=4090.000 Z=1000.000) RuntimeGrid:None EditorOnly:0 RuntimeOnly:0 HLODRelevant:0
 |   |   |- Guid:D87E65BD46A118832301E8A1E977BF65 BaseClass: NativeClass:/Script/Niagara.NiagaraActor Name:NiagaraActor_UAID_704D7B63233DE67601_2031540266 Label:Dust_In_Air20 SpatiallyLoaded:1 Bounds:IsValid=true, Min=(X=1480.000 Y=1270.000 Z=-1000.000), Max=(X=3480.000 Y=3270.000 Z=1000.000) RuntimeGrid:None EditorOnly:0 RuntimeOnly:0 HLODRelevant:0
 |   |   |- Guid:DBC730174A7F51D9E14433AEF0C30A39 BaseClass: NativeClass:/Script/Engine.StaticMeshActor Name:StaticMeshActor_24 Label:SM_Cube13 SpatiallyLoaded:1 Bounds:IsValid=true, Min=(X=300.000 Y=2700.000 Z=0.000), Max=(X=400.000 Y=2800.000 Z=200.000) RuntimeGrid:None EditorOnly:0 RuntimeOnly:0 HLODRelevant:1 FolderPath:Block03 FolderGuid:7B7009C345D3D6DD94D3429E1D79C034
 |   |   |- Guid:DCA496DA4647C1B46FD9CE860F55F554 BaseClass: NativeClass:/Script/Niagara.NiagaraActor Name:NiagaraActor_UAID_704D7B63233DE67601_1958782252 Label:Dust_In_Air6 SpatiallyLoaded:1 Bounds:IsValid=true, Min=(X=380.000 Y=1440.000 Z=-1000.000), Max=(X=2380.000 Y=3440.000 Z=1000.000) RuntimeGrid:None EditorOnly:0 RuntimeOnly:0 HLODRelevant:0
 |   |   |- Guid:DE3A079B4635A6D8D620CCBC6C0BB1C0 BaseClass: NativeClass:/Script/Engine.StaticMeshActor Name:StaticMeshActor_35 Label:SM_QuarterCylinder14 SpatiallyLoaded:1 Bounds:IsValid=true, Min=(X=2200.000 Y=500.000 Z=0.000), Max=(X=2400.000 Y=700.000 Z=100.000) RuntimeGrid:None EditorOnly:0 RuntimeOnly:0 HLODRelevant:1 FolderPath:Cylinder FolderGuid:D075E5BA49330D3EC2503D81A7CF88D1
 |   |   |- Guid:E132DF32499FD61D5A14389FDA4ADCDD BaseClass: NativeClass:/Script/Niagara.NiagaraActor Name:NiagaraActor_UAID_704D7B63233DE67601_2003133259 Label:Dust_In_Air13 SpatiallyLoaded:1 Bounds:IsValid=true, Min=(X=-680.000 Y=-470.000 Z=-1000.000), Max=(X=1320.000 Y=1530.000 Z=1000.000) RuntimeGrid:None EditorOnly:0 RuntimeOnly:0 HLODRelevant:0
 |   |   |- Guid:E73E39994140315EB81324BF0A5D6400 BaseClass: NativeClass:/Script/Engine.StaticMeshActor Name:StaticMeshActor_10 Label:SM_ChamferCube2 SpatiallyLoaded:1 Bounds:IsValid=true, Min=(X=992.077 Y=2692.077 Z=0.013), Max=(X=1107.923 Y=2807.923 Z=100.013) RuntimeGrid:None EditorOnly:0 RuntimeOnly:0 HLODRelevant:0
 |   |   |- Guid:E864EE5542C27D6674BEBB9312F02BB4 BaseClass: NativeClass:/Script/Engine.StaticMeshActor Name:StaticMeshActor_23 Label:SM_QuarterCylinder5 SpatiallyLoaded:1 Bounds:IsValid=true, Min=(X=300.000 Y=2800.000 Z=0.000), Max=(X=400.000 Y=2900.000 Z=200.000) RuntimeGrid:None EditorOnly:0 RuntimeOnly:0 HLODRelevant:1 FolderPath:Block03 FolderGuid:7B7009C345D3D6DD94D3429E1D79C034
 |   |   |- Guid:EC4E0C944CE6AC6E784BC6BB2916EA13 BaseClass: NativeClass:/Script/Engine.StaticMeshActor Name:StaticMeshActor_UAID_A4AE111137DC5EFB00_1110535423 Label:SM_SkySphere SpatiallyLoaded:0 Bounds:IsValid=true, Min=(X=-1638400.000 Y=-1638400.000 Z=-1638400.000), Max=(X=1638400.000 Y=1638400.000 Z=1638400.000) RuntimeGrid:None EditorOnly:0 RuntimeOnly:0 HLODRelevant:1 FolderPath:Lighting FolderGuid:963EC3EB4002CCE9759E2EBA541A873A
 |   |   |- Guid:EDAA34A64E50B17535C2EB826C12557D BaseClass: NativeClass:/Script/Engine.StaticMeshActor Name:StaticMeshActor_9 Label:SM_Ramp2 SpatiallyLoaded:1 Bounds:IsValid=true, Min=(X=1400.000 Y=1500.000 Z=0.000), Max=(X=1800.000 Y=1700.000 Z=100.000) RuntimeGrid:None EditorOnly:0 RuntimeOnly:0 HLODRelevant:1 FolderPath:Block01 FolderGuid:7D23E5AE4C2A421F86AF6986D87E6D05
 |   |   |- Guid:F1924B8D48954B30891B2DB6A694F9CC BaseClass: NativeClass:/Script/Engine.StaticMeshActor Name:StaticMeshActor_1 Label:SM_Cube SpatiallyLoaded:1 Bounds:IsValid=true, Min=(X=0.000 Y=0.000 Z=-50.000), Max=(X=3000.000 Y=3500.000 Z=0.000) RuntimeGrid:None EditorOnly:0 RuntimeOnly:0 HLODRelevant:1 FolderPath:Playground FolderGuid:C73F09FC4215536B1DCE2A9E0A830C70
 |   |   |- Guid:F2C0FBCB40AE964AEB0A9FBAAF5B7B01 BaseClass: NativeClass:/Script/Niagara.NiagaraActor Name:NiagaraActor_UAID_704D7B63233DE67601_1956090251 Label:Dust_In_Air5 SpatiallyLoaded:1 Bounds:IsValid=true, Min=(X=-330.000 Y=1030.000 Z=-1000.000), Max=(X=1670.000 Y=3030.000 Z=1000.000) RuntimeGrid:None EditorOnly:0 RuntimeOnly:0 HLODRelevant:0
 |   |   |- Guid:F4AAA1CA4D204EB96E54F5BD1EB46A62 BaseClass: NativeClass:/Script/Engine.StaticMeshActor Name:StaticMeshActor_7 Label:SM_Cube7 SpatiallyLoaded:1 Bounds:IsValid=true, Min=(X=1300.000 Y=2200.000 Z=0.000), Max=(X=1500.000 Y=2300.000 Z=200.000) RuntimeGrid:None EditorOnly:0 RuntimeOnly:0 HLODRelevant:1 FolderPath:Block01 FolderGuid:7D23E5AE4C2A421F86AF6986D87E6D05
 |   |   |- Guid:F4C79EC1406D2D70D0B109BAF0425EA9 BaseClass: NativeClass:/Script/Niagara.NiagaraActor Name:NiagaraActor_UAID_704D7B63233DE67601_2035154267 Label:Dust_In_Air21 SpatiallyLoaded:1 Bounds:IsValid=true, Min=(X=1520.000 Y=320.000 Z=-1000.000), Max=(X=3520.000 Y=2320.000 Z=1000.000) RuntimeGrid:None EditorOnly:0 RuntimeOnly:0 HLODRelevant:0
 |   |   |- Guid:F5E3FEB3450C49844FD93DA8E083C8AD BaseClass: NativeClass:/Script/Engine.PostProcessVolume Name:PostProcessVolume_0 Label:PostProcessVolume SpatiallyLoaded:0 Bounds:IsValid=true, Min=(X=0.000 Y=0.000 Z=400.000), Max=(X=200.000 Y=200.000 Z=600.000) RuntimeGrid:None EditorOnly:0 RuntimeOnly:0 HLODRelevant:0 FolderPath:Lighting FolderGuid:963EC3EB4002CCE9759E2EBA541A873A
 |   |   |- Guid:F703AD214DE20FBE9DA411817BF79E0A BaseClass: NativeClass:/Script/Engine.StaticMeshActor Name:StaticMeshActor_21 Label:SM_QuarterCylinder3 SpatiallyLoaded:1 Bounds:IsValid=true, Min=(X=1500.000 Y=2200.000 Z=0.000), Max=(X=1600.000 Y=2300.000 Z=200.000) RuntimeGrid:None EditorOnly:0 RuntimeOnly:0 HLODRelevant:1 FolderPath:Block01 FolderGuid:7D23E5AE4C2A421F86AF6986D87E6D05
 |   |   |- Guid:F823B93C408FD8E5861B48BA2A473607 BaseClass: NativeClass:/Script/Niagara.NiagaraActor Name:NiagaraActor_UAID_704D7B63233DE67601_2063665269 Label:Dust_In_Air23 SpatiallyLoaded:1 Bounds:IsValid=true, Min=(X=-610.000 Y=80.000 Z=-1000.000), Max=(X=1390.000 Y=2080.000 Z=1000.000) RuntimeGrid:None EditorOnly:0 RuntimeOnly:0 HLODRelevant:0
 |   |   |- Guid:FF698C67459ADB4982D7759C0905EE9F BaseClass: NativeClass:/Script/Engine.StaticMeshActor Name:StaticMeshActor_6 Label:SM_Cube3 SpatiallyLoaded:1 Bounds:IsValid=true, Min=(X=0.000 Y=3400.000 Z=0.000), Max=(X=3000.000 Y=3500.000 Z=400.000) RuntimeGrid:None EditorOnly:0 RuntimeOnly:0 HLODRelevant:1 FolderPath:Playground FolderGuid:C73F09FC4215536B1DCE2A9E0A830C70
 |   |- [+] Clusters:
 |   |   |- [+] [  0]
 |   |   |   |- Guid:6BAF4DDD444C60371492D3919DB42C97 BaseClass: NativeClass:/Script/Engine.WorldDataLayers Name:WorldDataLayers Label:WorldDataLayers SpatiallyLoaded:0 Bounds:IsValid=true, Min=(X=0.000 Y=0.000 Z=0.000), Max=(X=0.000 Y=0.000 Z=0.000) RuntimeGrid:None EditorOnly:0 RuntimeOnly:0 HLODRelevant:0
 |   |   |- [+] [  1]
 |   |   |   |- Guid:59CE89D047C75FBE41189BA8ABD2CA2A BaseClass: NativeClass:/Script/Engine.StaticMeshActor Name:StaticMeshActor_18 Label:SM_QuarterCylinder SpatiallyLoaded:1 Bounds:IsValid=true, Min=(X=2500.000 Y=2800.000 Z=0.000), Max=(X=2600.000 Y=2900.000 Z=200.000) RuntimeGrid:None EditorOnly:0 RuntimeOnly:0 HLODRelevant:1 FolderPath:Block02 FolderGuid:EBA23F8248252949750E43911A3A1CDD
 |   |   |- [+] [  2]
 |   |   |   |- Guid:F5E3FEB3450C49844FD93DA8E083C8AD BaseClass: NativeClass:/Script/Engine.PostProcessVolume Name:PostProcessVolume_0 Label:PostProcessVolume SpatiallyLoaded:0 Bounds:IsValid=true, Min=(X=0.000 Y=0.000 Z=400.000), Max=(X=200.000 Y=200.000 Z=600.000) RuntimeGrid:None EditorOnly:0 RuntimeOnly:0 HLODRelevant:0 FolderPath:Lighting FolderGuid:963EC3EB4002CCE9759E2EBA541A873A
 |   |   |- [+] [  3]
 |   |   |   |- Guid:E73E39994140315EB81324BF0A5D6400 BaseClass: NativeClass:/Script/Engine.StaticMeshActor Name:StaticMeshActor_10 Label:SM_ChamferCube2 SpatiallyLoaded:1 Bounds:IsValid=true, Min=(X=992.077 Y=2692.077 Z=0.013), Max=(X=1107.923 Y=2807.923 Z=100.013) RuntimeGrid:None EditorOnly:0 RuntimeOnly:0 HLODRelevant:0
 |   |   |- [+] [  4]
 |   |   |   |- Guid:5B97F4A64FB21F77EFC44386BF705B4C BaseClass: NativeClass:/Script/Engine.TextRenderActor Name:TextRenderActor_1 Label:TextRenderActor SpatiallyLoaded:1 Bounds:IsValid=true, Min=(X=-0.100 Y=1100.000 Z=65.013), Max=(X=-0.100 Y=2392.308 Z=215.013) RuntimeGrid:None EditorOnly:0 RuntimeOnly:0 HLODRelevant:0
 |   |   |- [+] [  5]
 |   |   |   |- Guid:4D3BE93F4146AAAC8BBE79999D96D57F BaseClass: NativeClass:/Script/Engine.VolumetricCloud Name:VolumetricCloud_0 Label:VolumetricCloud SpatiallyLoaded:0 Bounds:IsValid=true, Min=(X=0.000 Y=0.000 Z=820.000), Max=(X=0.000 Y=0.000 Z=820.000) RuntimeGrid:None EditorOnly:0 RuntimeOnly:0 HLODRelevant:0 FolderPath:Lighting FolderGuid:963EC3EB4002CCE9759E2EBA541A873A
 |   |   |- [+] [  6]
 |   |   |   |- Guid:DBC730174A7F51D9E14433AEF0C30A39 BaseClass: NativeClass:/Script/Engine.StaticMeshActor Name:StaticMeshActor_24 Label:SM_Cube13 SpatiallyLoaded:1 Bounds:IsValid=true, Min=(X=300.000 Y=2700.000 Z=0.000), Max=(X=400.000 Y=2800.000 Z=200.000) RuntimeGrid:None EditorOnly:0 RuntimeOnly:0 HLODRelevant:1 FolderPath:Block03 FolderGuid:7B7009C345D3D6DD94D3429E1D79C034
 |   |   |- [+] [  7]
 |   |   |   |- Guid:1A789DC8415097E9856E5DB60740F01D BaseClass: NativeClass:/Script/Engine.StaticMeshActor Name:StaticMeshActor_34 Label:SM_QuarterCylinder13 SpatiallyLoaded:1 Bounds:IsValid=true, Min=(X=2000.000 Y=500.000 Z=0.000), Max=(X=2200.000 Y=700.000 Z=100.000) RuntimeGrid:None EditorOnly:0 RuntimeOnly:0 HLODRelevant:1 FolderPath:Cylinder FolderGuid:D075E5BA49330D3EC2503D81A7CF88D1
 |   |   |- [+] [  8]
 |   |   |   |- Guid:AB74120142217676C6EC818E6B49412B BaseClass: NativeClass:/Script/Engine.StaticMeshActor Name:StaticMeshActor_15 Label:SM_Cube10 SpatiallyLoaded:1 Bounds:IsValid=true, Min=(X=1800.000 Y=2100.000 Z=100.000), Max=(X=2000.000 Y=2200.000 Z=200.000) RuntimeGrid:None EditorOnly:0 RuntimeOnly:0 HLODRelevant:1 FolderPath:Block01 FolderGuid:7D23E5AE4C2A421F86AF6986D87E6D05
 |   |   |- [+] [  9]
 |   |   |   |- Guid:CCFF262C46EEFFDF319E7F9539CE697E BaseClass: NativeClass:/Script/Engine.SkyAtmosphere Name:SkyAtmosphere_0 Label:SkyAtmosphere SpatiallyLoaded:0 Bounds:IsValid=true, Min=(X=0.000 Y=0.000 Z=1020.000), Max=(X=0.000 Y=0.000 Z=1020.000) RuntimeGrid:None EditorOnly:0 RuntimeOnly:0 HLODRelevant:0 FolderPath:Lighting FolderGuid:963EC3EB4002CCE9759E2EBA541A873A
 |   |   |- [+] [ 10]
 |   |   |   |- Guid:EC4E0C944CE6AC6E784BC6BB2916EA13 BaseClass: NativeClass:/Script/Engine.StaticMeshActor Name:StaticMeshActor_UAID_A4AE111137DC5EFB00_1110535423 Label:SM_SkySphere SpatiallyLoaded:0 Bounds:IsValid=true, Min=(X=-1638400.000 Y=-1638400.000 Z=-1638400.000), Max=(X=1638400.000 Y=1638400.000 Z=1638400.000) RuntimeGrid:None EditorOnly:0 RuntimeOnly:0 HLODRelevant:1 FolderPath:Lighting FolderGuid:963EC3EB4002CCE9759E2EBA541A873A
 |   |   |- [+] [ 11]
 |   |   |   |- Guid:C15C2C8D4EA4ADE0BD1349AFD814988B BaseClass: NativeClass:/Script/Engine.StaticMeshActor Name:StaticMeshActor_14 Label:SM_Ramp3 SpatiallyLoaded:1 Bounds:IsValid=true, Min=(X=1800.000 Y=1700.000 Z=100.000), Max=(X=2000.000 Y=2100.000 Z=200.000) RuntimeGrid:None EditorOnly:0 RuntimeOnly:0 HLODRelevant:1 FolderPath:Block01 FolderGuid:7D23E5AE4C2A421F86AF6986D87E6D05
 |   |   |- [+] [ 12]
 |   |   |   |- Guid:9BFF363746062F457E2F92A4631DBA20 BaseClass: NativeClass:/Script/Engine.StaticMeshActor Name:StaticMeshActor_11 Label:SM_ChamferCube3 SpatiallyLoaded:1 Bounds:IsValid=true, Min=(X=481.699 Y=2271.699 Z=0.013), Max=(X=618.301 Y=2408.301 Z=100.013) RuntimeGrid:None EditorOnly:0 RuntimeOnly:0 HLODRelevant:0
 |   |   |- [+] [ 13]
 |   |   |   |- Guid:43815E84492231AFC407F59E3C28176B BaseClass: NativeClass:/Script/Engine.StaticMeshActor Name:StaticMeshActor_4 Label:SM_Cube6 SpatiallyLoaded:1 Bounds:IsValid=true, Min=(X=2900.000 Y=100.000 Z=0.000), Max=(X=3000.000 Y=3400.000 Z=400.000) RuntimeGrid:None EditorOnly:0 RuntimeOnly:0 HLODRelevant:1 FolderPath:Playground FolderGuid:C73F09FC4215536B1DCE2A9E0A830C70
 |   |   |- [+] [ 14]
 |   |   |   |- Guid:7587444F4FB13B9B9CD114BBE7885340 BaseClass: NativeClass:/Script/Engine.StaticMeshActor Name:StaticMeshActor_19 Label:SM_QuarterCylinder2 SpatiallyLoaded:1 Bounds:IsValid=true, Min=(X=2500.000 Y=2600.000 Z=0.000), Max=(X=2600.000 Y=2700.000 Z=200.000) RuntimeGrid:None EditorOnly:0 RuntimeOnly:0 HLODRelevant:1 FolderPath:Block02 FolderGuid:EBA23F8248252949750E43911A3A1CDD
 |   |   |- [+] [ 15]
 |   |   |   |- Guid:B785ED2844B84CFB91E7F39FE661CD99 BaseClass: NativeClass:/Script/Engine.DirectionalLight Name:DirectionalLight_0 Label:DirectionalLight SpatiallyLoaded:0 Bounds:IsValid=true, Min=(X=-1048576.000 Y=-1048576.000 Z=-1048576.000), Max=(X=1048576.000 Y=1048576.000 Z=1048576.000) RuntimeGrid:None EditorOnly:0 RuntimeOnly:0 HLODRelevant:0 FolderPath:Lighting FolderGuid:963EC3EB4002CCE9759E2EBA541A873A
 |   |   |- [+] [ 16]
 |   |   |   |- Guid:1B9598344A1F20E1A5125DA8A7E9FC0F BaseClass: NativeClass:/Script/Engine.StaticMeshActor Name:StaticMeshActor_22 Label:SM_QuarterCylinder4 SpatiallyLoaded:1 Bounds:IsValid=true, Min=(X=300.000 Y=2600.000 Z=0.000), Max=(X=400.000 Y=2700.000 Z=200.000) RuntimeGrid:None EditorOnly:0 RuntimeOnly:0 HLODRelevant:1 FolderPath:Block03 FolderGuid:7B7009C345D3D6DD94D3429E1D79C034
 |   |   |- [+] [ 17]
 |   |   |   |- Guid:5E4DB4154690C8B4EB14EAA9E92FAAFF BaseClass: NativeClass:/Script/Engine.StaticMeshActor Name:StaticMeshActor_33 Label:SM_QuarterCylinder12 SpatiallyLoaded:1 Bounds:IsValid=true, Min=(X=2000.000 Y=700.000 Z=0.000), Max=(X=2200.000 Y=900.000 Z=100.000) RuntimeGrid:None EditorOnly:0 RuntimeOnly:0 HLODRelevant:1 FolderPath:Cylinder FolderGuid:D075E5BA49330D3EC2503D81A7CF88D1
 |   |   |- [+] [ 18]
 |   |   |   |- Guid:7C172A0740B33B6D38EEF38A63E0B945 BaseClass: NativeClass:/Script/Engine.StaticMeshActor Name:StaticMeshActor_3 Label:SM_Ramp SpatiallyLoaded:1 Bounds:IsValid=true, Min=(X=1300.000 Y=600.000 Z=0.000), Max=(X=1700.000 Y=800.000 Z=30.000) RuntimeGrid:None EditorOnly:0 RuntimeOnly:0 HLODRelevant:1
 |   |   |- [+] [ 19]
 |   |   |   |- Guid:316CF2A6494ACA4C0E4180A87D36AB8F BaseClass: NativeClass:/Script/Engine.ExponentialHeightFog Name:ExponentialHeightFog_0 Label:ExponentialHeightFog SpatiallyLoaded:0 Bounds:IsValid=true, Min=(X=-5600.000 Y=-50.000 Z=-6850.000), Max=(X=-5600.000 Y=-50.000 Z=-6850.000) RuntimeGrid:None EditorOnly:0 RuntimeOnly:0 HLODRelevant:0 FolderPath:Lighting FolderGuid:963EC3EB4002CCE9759E2EBA541A873A
 |   |   |- [+] [ 20]
 |   |   |   |- Guid:DE3A079B4635A6D8D620CCBC6C0BB1C0 BaseClass: NativeClass:/Script/Engine.StaticMeshActor Name:StaticMeshActor_35 Label:SM_QuarterCylinder14 SpatiallyLoaded:1 Bounds:IsValid=true, Min=(X=2200.000 Y=500.000 Z=0.000), Max=(X=2400.000 Y=700.000 Z=100.000) RuntimeGrid:None EditorOnly:0 RuntimeOnly:0 HLODRelevant:1 FolderPath:Cylinder FolderGuid:D075E5BA49330D3EC2503D81A7CF88D1
 |   |   |- [+] [ 21]
 |   |   |   |- Guid:79C9B0C246824948C2428ABA13657451 BaseClass: NativeClass:/Script/Engine.StaticMeshActor Name:StaticMeshActor_25 Label:SM_QuarterCylinder6 SpatiallyLoaded:1 Bounds:IsValid=true, Min=(X=1200.000 Y=2200.000 Z=0.000), Max=(X=1300.000 Y=2300.000 Z=200.000) RuntimeGrid:None EditorOnly:0 RuntimeOnly:0 HLODRelevant:1 FolderPath:Block01 FolderGuid:7D23E5AE4C2A421F86AF6986D87E6D05
 |   |   |- [+] [ 22]
 |   |   |   |- Guid:F1924B8D48954B30891B2DB6A694F9CC BaseClass: NativeClass:/Script/Engine.StaticMeshActor Name:StaticMeshActor_1 Label:SM_Cube SpatiallyLoaded:1 Bounds:IsValid=true, Min=(X=0.000 Y=0.000 Z=-50.000), Max=(X=3000.000 Y=3500.000 Z=0.000) RuntimeGrid:None EditorOnly:0 RuntimeOnly:0 HLODRelevant:1 FolderPath:Playground FolderGuid:C73F09FC4215536B1DCE2A9E0A830C70
 |   |   |- [+] [ 23]
 |   |   |   |- Guid:EDAA34A64E50B17535C2EB826C12557D BaseClass: NativeClass:/Script/Engine.StaticMeshActor Name:StaticMeshActor_9 Label:SM_Ramp2 SpatiallyLoaded:1 Bounds:IsValid=true, Min=(X=1400.000 Y=1500.000 Z=0.000), Max=(X=1800.000 Y=1700.000 Z=100.000) RuntimeGrid:None EditorOnly:0 RuntimeOnly:0 HLODRelevant:1 FolderPath:Block01 FolderGuid:7D23E5AE4C2A421F86AF6986D87E6D05
 |   |   |- [+] [ 24]
 |   |   |   |- Guid:2FB58999456391D349DC0F86DAC136ED BaseClass: NativeClass:/Script/Engine.SkyLight Name:SkyLight_1 Label:SkyLight SpatiallyLoaded:0 Bounds:IsValid=true, Min=(X=0.000 Y=0.000 Z=690.000), Max=(X=0.000 Y=0.000 Z=690.000) RuntimeGrid:None EditorOnly:0 RuntimeOnly:0 HLODRelevant:0 FolderPath:Lighting FolderGuid:963EC3EB4002CCE9759E2EBA541A873A
 |   |   |- [+] [ 25]
 |   |   |   |- Guid:9765ECF54858C165188C95B28D88016B BaseClass: NativeClass:/Script/Engine.StaticMeshActor Name:StaticMeshActor_12 Label:SM_Cube8 SpatiallyLoaded:1 Bounds:IsValid=true, Min=(X=1300.000 Y=2600.000 Z=0.000), Max=(X=2500.000 Y=2900.000 Z=200.000) RuntimeGrid:None EditorOnly:0 RuntimeOnly:0 HLODRelevant:1 FolderPath:Block02 FolderGuid:EBA23F8248252949750E43911A3A1CDD
 |   |   |- [+] [ 26]
 |   |   |   |- Guid:961864A84FF6F65B68F2A3BE5819D538 BaseClass: NativeClass:/Script/Engine.StaticMeshActor Name:StaticMeshActor_8 Label:SM_Cube4 SpatiallyLoaded:1 Bounds:IsValid=true, Min=(X=1200.000 Y=1700.000 Z=0.000), Max=(X=1800.000 Y=2200.000 Z=200.000) RuntimeGrid:None EditorOnly:0 RuntimeOnly:0 HLODRelevant:1 FolderPath:Block01 FolderGuid:7D23E5AE4C2A421F86AF6986D87E6D05
 |   |   |- [+] [ 27]
 |   |   |   |- Guid:E864EE5542C27D6674BEBB9312F02BB4 BaseClass: NativeClass:/Script/Engine.StaticMeshActor Name:StaticMeshActor_23 Label:SM_QuarterCylinder5 SpatiallyLoaded:1 Bounds:IsValid=true, Min=(X=300.000 Y=2800.000 Z=0.000), Max=(X=400.000 Y=2900.000 Z=200.000) RuntimeGrid:None EditorOnly:0 RuntimeOnly:0 HLODRelevant:1 FolderPath:Block03 FolderGuid:7B7009C345D3D6DD94D3429E1D79C034
 |   |   |- [+] [ 28]
 |   |   |   |- Guid:A56216954B2165CF0F35A886B537D536 BaseClass: NativeClass:/Script/Engine.StaticMeshActor Name:StaticMeshActor_0 Label:SM_Cube5 SpatiallyLoaded:1 Bounds:IsValid=true, Min=(X=-0.000 Y=100.000 Z=0.000), Max=(X=100.000 Y=3400.000 Z=400.000) RuntimeGrid:None EditorOnly:0 RuntimeOnly:0 HLODRelevant:1 FolderPath:Playground FolderGuid:C73F09FC4215536B1DCE2A9E0A830C70
 |   |   |- [+] [ 29]
 |   |   |   |- Guid:08F9DC56444CFFF3F13B379E81EF05BC BaseClass: NativeClass:/Script/Engine.StaticMeshActor Name:StaticMeshActor_16 Label:SM_Cube11 SpatiallyLoaded:1 Bounds:IsValid=true, Min=(X=400.000 Y=2600.000 Z=0.000), Max=(X=700.000 Y=2900.000 Z=200.000) RuntimeGrid:None EditorOnly:0 RuntimeOnly:0 HLODRelevant:1 FolderPath:Block03 FolderGuid:7B7009C345D3D6DD94D3429E1D79C034
 |   |   |- [+] [ 30]
 |   |   |   |- Guid:94F6D9A645798F5BAD0B58BEED8F27F5 BaseClass: NativeClass:/Script/Engine.StaticMeshActor Name:StaticMeshActor_32 Label:SM_QuarterCylinder11 SpatiallyLoaded:1 Bounds:IsValid=true, Min=(X=2200.000 Y=700.000 Z=-0.000), Max=(X=2400.000 Y=900.000 Z=100.000) RuntimeGrid:None EditorOnly:0 RuntimeOnly:0 HLODRelevant:1 FolderPath:Cylinder FolderGuid:D075E5BA49330D3EC2503D81A7CF88D1
 |   |   |- [+] [ 31]
 |   |   |   |- Guid:0A733B864C327F0B589EC8BBDD0265BC BaseClass: NativeClass:/Script/Engine.StaticMeshActor Name:StaticMeshActor_13 Label:SM_Cube9 SpatiallyLoaded:1 Bounds:IsValid=true, Min=(X=1800.000 Y=1500.000 Z=0.000), Max=(X=2000.000 Y=2200.000 Z=100.000) RuntimeGrid:None EditorOnly:0 RuntimeOnly:0 HLODRelevant:1 FolderPath:Block01 FolderGuid:7D23E5AE4C2A421F86AF6986D87E6D05
 |   |   |- [+] [ 32]
 |   |   |   |- Guid:F703AD214DE20FBE9DA411817BF79E0A BaseClass: NativeClass:/Script/Engine.StaticMeshActor Name:StaticMeshActor_21 Label:SM_QuarterCylinder3 SpatiallyLoaded:1 Bounds:IsValid=true, Min=(X=1500.000 Y=2200.000 Z=0.000), Max=(X=1600.000 Y=2300.000 Z=200.000) RuntimeGrid:None EditorOnly:0 RuntimeOnly:0 HLODRelevant:1 FolderPath:Block01 FolderGuid:7D23E5AE4C2A421F86AF6986D87E6D05
 |   |   |- [+] [ 33]
 |   |   |   |- Guid:BC08B79C4EA3C961CFF75EBBE83B367D BaseClass: NativeClass:/Script/Engine.StaticMeshActor Name:StaticMeshActor_5 Label:SM_Cube2 SpatiallyLoaded:1 Bounds:IsValid=true, Min=(X=0.000 Y=0.000 Z=0.000), Max=(X=3000.000 Y=100.000 Z=400.000) RuntimeGrid:None EditorOnly:0 RuntimeOnly:0 HLODRelevant:1 FolderPath:Playground FolderGuid:C73F09FC4215536B1DCE2A9E0A830C70
 |   |   |- [+] [ 34]
 |   |   |   |- Guid:26B8C3BE41021A3F42B61FA534F9181E BaseClass: NativeClass:/Script/Engine.StaticMeshActor Name:StaticMeshActor_20 Label:SM_Cube12 SpatiallyLoaded:1 Bounds:IsValid=true, Min=(X=2500.000 Y=2700.000 Z=0.000), Max=(X=2600.000 Y=2800.000 Z=200.000) RuntimeGrid:None EditorOnly:0 RuntimeOnly:0 HLODRelevant:1 FolderPath:Block02 FolderGuid:EBA23F8248252949750E43911A3A1CDD
 |   |   |- [+] [ 35]
 |   |   |   |- Guid:FF698C67459ADB4982D7759C0905EE9F BaseClass: NativeClass:/Script/Engine.StaticMeshActor Name:StaticMeshActor_6 Label:SM_Cube3 SpatiallyLoaded:1 Bounds:IsValid=true, Min=(X=0.000 Y=3400.000 Z=0.000), Max=(X=3000.000 Y=3500.000 Z=400.000) RuntimeGrid:None EditorOnly:0 RuntimeOnly:0 HLODRelevant:1 FolderPath:Playground FolderGuid:C73F09FC4215536B1DCE2A9E0A830C70
 |   |   |- [+] [ 36]
 |   |   |   |- Guid:F4AAA1CA4D204EB96E54F5BD1EB46A62 BaseClass: NativeClass:/Script/Engine.StaticMeshActor Name:StaticMeshActor_7 Label:SM_Cube7 SpatiallyLoaded:1 Bounds:IsValid=true, Min=(X=1300.000 Y=2200.000 Z=0.000), Max=(X=1500.000 Y=2300.000 Z=200.000) RuntimeGrid:None EditorOnly:0 RuntimeOnly:0 HLODRelevant:1 FolderPath:Block01 FolderGuid:7D23E5AE4C2A421F86AF6986D87E6D05
 |   |   |- [+] [ 37]
 |   |   |   |- Guid:3A00AA1C422CE54C0BDB60BAF471BFBB BaseClass: NativeClass:/Script/Engine.PlayerStart Name:PlayerStart_0 Label:PlayerStart SpatiallyLoaded:0 Bounds:IsValid=true, Min=(X=860.000 Y=1070.000 Z=0.013), Max=(X=940.000 Y=1150.000 Z=184.013) RuntimeGrid:None EditorOnly:0 RuntimeOnly:0 HLODRelevant:0
 |   |   |- [+] [ 38]
 |   |   |   |- Guid:745A095B4BA4E157E4537FA63F5B7B43 BaseClass: NativeClass:/Script/Engine.StaticMeshActor Name:StaticMeshActor_2 Label:SM_ChamferCube SpatiallyLoaded:1 Bounds:IsValid=true, Min=(X=1100.000 Y=2000.000 Z=0.013), Max=(X=1200.000 Y=2100.000 Z=100.013) RuntimeGrid:None EditorOnly:0 RuntimeOnly:0 HLODRelevant:0
 |   |   |- [+] [ 39]
 |   |   |   |- Guid:3AE828094923C570D521F894FDC312EC BaseClass: NativeClass:/Script/Niagara.NiagaraActor Name:NiagaraActor_UAID_704D7B63233DE67601_1944666247 Label:Dust_In_Air SpatiallyLoaded:1 Bounds:IsValid=true, Min=(X=50.000 Y=330.000 Z=-1000.000), Max=(X=2050.000 Y=2330.000 Z=1000.000) RuntimeGrid:None EditorOnly:0 RuntimeOnly:0 HLODRelevant:0
 |   |   |- [+] [ 40]
 |   |   |   |- Guid:5A3AB42942FCF3EBF19FB9819471C4AA BaseClass: NativeClass:/Script/Niagara.NiagaraActor Name:NiagaraActor_UAID_704D7B63233DE67601_1947280248 Label:Dust_In_Air2 SpatiallyLoaded:1 Bounds:IsValid=true, Min=(X=-290.000 Y=-310.000 Z=-1000.000), Max=(X=1710.000 Y=1690.000 Z=1000.000) RuntimeGrid:None EditorOnly:0 RuntimeOnly:0 HLODRelevant:0
 |   |   |- [+] [ 41]
 |   |   |   |- Guid:21437C0448CE805C134B9EA81872E67A BaseClass: NativeClass:/Script/Niagara.NiagaraActor Name:NiagaraActor_UAID_704D7B63233DE67601_1949818249 Label:Dust_In_Air3 SpatiallyLoaded:1 Bounds:IsValid=true, Min=(X=890.000 Y=160.000 Z=-1000.000), Max=(X=2890.000 Y=2160.000 Z=1000.000) RuntimeGrid:None EditorOnly:0 RuntimeOnly:0 HLODRelevant:0
 |   |   |- [+] [ 42]
 |   |   |   |- Guid:CAD36153424ABBD3EC5C9191C6751058 BaseClass: NativeClass:/Script/Niagara.NiagaraActor Name:NiagaraActor_UAID_704D7B63233DE67601_1952681250 Label:Dust_In_Air4 SpatiallyLoaded:1 Bounds:IsValid=true, Min=(X=-480.000 Y=570.000 Z=-1000.000), Max=(X=1520.000 Y=2570.000 Z=1000.000) RuntimeGrid:None EditorOnly:0 RuntimeOnly:0 HLODRelevant:0
 |   |   |- [+] [ 43]
 |   |   |   |- Guid:F2C0FBCB40AE964AEB0A9FBAAF5B7B01 BaseClass: NativeClass:/Script/Niagara.NiagaraActor Name:NiagaraActor_UAID_704D7B63233DE67601_1956090251 Label:Dust_In_Air5 SpatiallyLoaded:1 Bounds:IsValid=true, Min=(X=-330.000 Y=1030.000 Z=-1000.000), Max=(X=1670.000 Y=3030.000 Z=1000.000) RuntimeGrid:None EditorOnly:0 RuntimeOnly:0 HLODRelevant:0
 |   |   |- [+] [ 44]
 |   |   |   |- Guid:DCA496DA4647C1B46FD9CE860F55F554 BaseClass: NativeClass:/Script/Niagara.NiagaraActor Name:NiagaraActor_UAID_704D7B63233DE67601_1958782252 Label:Dust_In_Air6 SpatiallyLoaded:1 Bounds:IsValid=true, Min=(X=380.000 Y=1440.000 Z=-1000.000), Max=(X=2380.000 Y=3440.000 Z=1000.000) RuntimeGrid:None EditorOnly:0 RuntimeOnly:0 HLODRelevant:0
 |   |   |- [+] [ 45]
 |   |   |   |- Guid:233344D447C7AC70E8D801B7D7E43779 BaseClass: NativeClass:/Script/Niagara.NiagaraActor Name:NiagaraActor_UAID_704D7B63233DE67601_1961627253 Label:Dust_In_Air7 SpatiallyLoaded:1 Bounds:IsValid=true, Min=(X=1550.000 Y=760.000 Z=-1000.000), Max=(X=3550.000 Y=2760.000 Z=1000.000) RuntimeGrid:None EditorOnly:0 RuntimeOnly:0 HLODRelevant:0
 |   |   |- [+] [ 46]
 |   |   |   |- Guid:69F19D8849AA00CBA9175895797EFB66 BaseClass: NativeClass:/Script/Niagara.NiagaraActor Name:NiagaraActor_UAID_704D7B63233DE67601_1972803254 Label:Dust_In_Air8 SpatiallyLoaded:1 Bounds:IsValid=true, Min=(X=1030.000 Y=2110.000 Z=-1000.000), Max=(X=3030.000 Y=4110.000 Z=1000.000) RuntimeGrid:None EditorOnly:0 RuntimeOnly:0 HLODRelevant:0
 |   |   |- [+] [ 47]
 |   |   |   |- Guid:B1DB6D594C586993998E218CAE3B5AFE BaseClass: NativeClass:/Script/Niagara.NiagaraActor Name:NiagaraActor_UAID_704D7B63233DE67601_1975443255 Label:Dust_In_Air9 SpatiallyLoaded:1 Bounds:IsValid=true, Min=(X=100.000 Y=2080.000 Z=-1000.000), Max=(X=2100.000 Y=4080.000 Z=1000.000) RuntimeGrid:None EditorOnly:0 RuntimeOnly:0 HLODRelevant:0
 |   |   |- [+] [ 48]
 |   |   |   |- Guid:D6F18739451497A123317FBD6DEECAD9 BaseClass: NativeClass:/Script/Niagara.NiagaraActor Name:NiagaraActor_UAID_704D7B63233DE67601_1978814256 Label:Dust_In_Air10 SpatiallyLoaded:1 Bounds:IsValid=true, Min=(X=-400.000 Y=2090.000 Z=-1000.000), Max=(X=1600.000 Y=4090.000 Z=1000.000) RuntimeGrid:None EditorOnly:0 RuntimeOnly:0 HLODRelevant:0
 |   |   |- [+] [ 49]
 |   |   |   |- Guid:43CE5815450811C89B676E9F3CE4C3D5 BaseClass: NativeClass:/Script/Niagara.NiagaraActor Name:NiagaraActor_UAID_704D7B63233DE67601_1995722257 Label:Dust_In_Air11 SpatiallyLoaded:1 Bounds:IsValid=true, Min=(X=940.000 Y=-500.000 Z=-1000.000), Max=(X=2940.000 Y=1500.000 Z=1000.000) RuntimeGrid:None EditorOnly:0 RuntimeOnly:0 HLODRelevant:0
 |   |   |- [+] [ 50]
 |   |   |   |- Guid:888AB4564D6B1B4DC447EFB2CF49A2E8 BaseClass: NativeClass:/Script/Niagara.NiagaraActor Name:NiagaraActor_UAID_704D7B63233DE67601_1998491258 Label:Dust_In_Air12 SpatiallyLoaded:1 Bounds:IsValid=true, Min=(X=120.000 Y=-430.000 Z=-1000.000), Max=(X=2120.000 Y=1570.000 Z=1000.000) RuntimeGrid:None EditorOnly:0 RuntimeOnly:0 HLODRelevant:0
 |   |   |- [+] [ 51]
 |   |   |   |- Guid:E132DF32499FD61D5A14389FDA4ADCDD BaseClass: NativeClass:/Script/Niagara.NiagaraActor Name:NiagaraActor_UAID_704D7B63233DE67601_2003133259 Label:Dust_In_Air13 SpatiallyLoaded:1 Bounds:IsValid=true, Min=(X=-680.000 Y=-470.000 Z=-1000.000), Max=(X=1320.000 Y=1530.000 Z=1000.000) RuntimeGrid:None EditorOnly:0 RuntimeOnly:0 HLODRelevant:0
 |   |   |- [+] [ 52]
 |   |   |   |- Guid:2412CE464F9787E482F1499B3B3AEC30 BaseClass: NativeClass:/Script/Niagara.NiagaraActor Name:NiagaraActor_UAID_704D7B63233DE67601_2008339260 Label:Dust_In_Air14 SpatiallyLoaded:1 Bounds:IsValid=true, Min=(X=-500.000 Y=1720.000 Z=-800.000), Max=(X=1500.000 Y=3720.000 Z=1200.000) RuntimeGrid:None EditorOnly:0 RuntimeOnly:0 HLODRelevant:0
 |   |   |- [+] [ 53]
 |   |   |   |- Guid:559DD1844DA5F6D049DA798649C796CD BaseClass: NativeClass:/Script/Niagara.NiagaraActor Name:NiagaraActor_UAID_704D7B63233DE67601_2011170261 Label:Dust_In_Air15 SpatiallyLoaded:1 Bounds:IsValid=true, Min=(X=-690.000 Y=1480.000 Z=-1000.000), Max=(X=1310.000 Y=3480.000 Z=1000.000) RuntimeGrid:None EditorOnly:0 RuntimeOnly:0 HLODRelevant:0
 |   |   |- [+] [ 54]
 |   |   |   |- Guid:2B9B4AFF4508371E7668E3BA31D37FFC BaseClass: NativeClass:/Script/Niagara.NiagaraActor Name:NiagaraActor_UAID_704D7B63233DE67601_2014438262 Label:Dust_In_Air16 SpatiallyLoaded:1 Bounds:IsValid=true, Min=(X=-180.000 Y=1550.000 Z=-1000.000), Max=(X=1820.000 Y=3550.000 Z=1000.000) RuntimeGrid:None EditorOnly:0 RuntimeOnly:0 HLODRelevant:0
 |   |   |- [+] [ 55]
 |   |   |   |- Guid:196B48E849C7BAC4FEB0C1BA70E02ED5 BaseClass: NativeClass:/Script/Niagara.NiagaraActor Name:NiagaraActor_UAID_704D7B63233DE67601_2021513263 Label:Dust_In_Air17 SpatiallyLoaded:1 Bounds:IsValid=true, Min=(X=510.000 Y=1720.000 Z=-800.000), Max=(X=2510.000 Y=3720.000 Z=1200.000) RuntimeGrid:None EditorOnly:0 RuntimeOnly:0 HLODRelevant:0
 |   |   |- [+] [ 56]
 |   |   |   |- Guid:69F01C7A4862993E0B3955BB80915249 BaseClass: NativeClass:/Script/Niagara.NiagaraActor Name:NiagaraActor_UAID_704D7B63233DE67601_2023922264 Label:Dust_In_Air18 SpatiallyLoaded:1 Bounds:IsValid=true, Min=(X=1060.000 Y=1700.000 Z=-800.000), Max=(X=3060.000 Y=3700.000 Z=1200.000) RuntimeGrid:None EditorOnly:0 RuntimeOnly:0 HLODRelevant:0
 |   |   |- [+] [ 57]
 |   |   |   |- Guid:BFB708B84C783FCD26C560A0EA335482 BaseClass: NativeClass:/Script/Niagara.NiagaraActor Name:NiagaraActor_UAID_704D7B63233DE67601_2026867265 Label:Dust_In_Air19 SpatiallyLoaded:1 Bounds:IsValid=true, Min=(X=430.000 Y=980.000 Z=-800.000), Max=(X=2430.000 Y=2980.000 Z=1200.000) RuntimeGrid:None EditorOnly:0 RuntimeOnly:0 HLODRelevant:0
 |   |   |- [+] [ 58]
 |   |   |   |- Guid:D87E65BD46A118832301E8A1E977BF65 BaseClass: NativeClass:/Script/Niagara.NiagaraActor Name:NiagaraActor_UAID_704D7B63233DE67601_2031540266 Label:Dust_In_Air20 SpatiallyLoaded:1 Bounds:IsValid=true, Min=(X=1480.000 Y=1270.000 Z=-1000.000), Max=(X=3480.000 Y=3270.000 Z=1000.000) RuntimeGrid:None EditorOnly:0 RuntimeOnly:0 HLODRelevant:0
 |   |   |- [+] [ 59]
 |   |   |   |- Guid:F4C79EC1406D2D70D0B109BAF0425EA9 BaseClass: NativeClass:/Script/Niagara.NiagaraActor Name:NiagaraActor_UAID_704D7B63233DE67601_2035154267 Label:Dust_In_Air21 SpatiallyLoaded:1 Bounds:IsValid=true, Min=(X=1520.000 Y=320.000 Z=-1000.000), Max=(X=3520.000 Y=2320.000 Z=1000.000) RuntimeGrid:None EditorOnly:0 RuntimeOnly:0 HLODRelevant:0
 |   |   |- [+] [ 60]
 |   |   |   |- Guid:8C08A883492727DEBD18D6A368E58709 BaseClass: NativeClass:/Script/Niagara.NiagaraActor Name:NiagaraActor_UAID_704D7B63233DE67601_2053151268 Label:Dust_In_Air22 SpatiallyLoaded:1 Bounds:IsValid=true, Min=(X=1570.000 Y=-650.000 Z=-1000.000), Max=(X=3570.000 Y=1350.000 Z=1000.000) RuntimeGrid:None EditorOnly:0 RuntimeOnly:0 HLODRelevant:0
 |   |   |- [+] [ 61]
 |   |   |   |- Guid:F823B93C408FD8E5861B48BA2A473607 BaseClass: NativeClass:/Script/Niagara.NiagaraActor Name:NiagaraActor_UAID_704D7B63233DE67601_2063665269 Label:Dust_In_Air23 SpatiallyLoaded:1 Bounds:IsValid=true, Min=(X=-610.000 Y=80.000 Z=-1000.000), Max=(X=1390.000 Y=2080.000 Z=1000.000) RuntimeGrid:None EditorOnly:0 RuntimeOnly:0 HLODRelevant:0
 |   |   |- [+] [ 62]
 |   |   |   |- Guid:4674EC5749801A00F5203180B4BA7521 BaseClass: NativeClass:/Script/Niagara.NiagaraActor Name:NiagaraActor_UAID_704D7B63233DE67601_2067399270 Label:Dust_In_Air24 SpatiallyLoaded:1 Bounds:IsValid=true, Min=(X=500.000 Y=-50.000 Z=-1000.000), Max=(X=2500.000 Y=1950.000 Z=1000.000) RuntimeGrid:None EditorOnly:0 RuntimeOnly:0 HLODRelevant:0
 |   |   |- [+] [ 63]
 |   |   |   |- Guid:41EBEFB6440ED6D9860BFCACBB2877D7 BaseClass: NativeClass:/Script/Niagara.NiagaraActor Name:NiagaraActor_UAID_704D7B63233DE67601_2080302271 Label:Dust_In_Air25 SpatiallyLoaded:1 Bounds:IsValid=true, Min=(X=1140.000 Y=840.000 Z=-1000.000), Max=(X=3140.000 Y=2840.000 Z=1000.000) RuntimeGrid:None EditorOnly:0 RuntimeOnly:0 HLODRelevant:0
 |   |   |- [+] [ 64]
 |   |   |   |- Guid:26F15C074728DC5694BC44B08F1B7B47 BaseClass: NativeClass:/Script/Niagara.NiagaraActor Name:NiagaraActor_UAID_704D7B63233DE67601_2084551272 Label:Dust_In_Air26 SpatiallyLoaded:1 Bounds:IsValid=true, Min=(X=1620.000 Y=-160.000 Z=-1000.000), Max=(X=3620.000 Y=1840.000 Z=1000.000) RuntimeGrid:None EditorOnly:0 RuntimeOnly:0 HLODRelevant:0
 |   |   |- [+] [ 65]
 |   |   |   |- Guid:99A8EF6744F32E2ABEFF32814FFA0B29 BaseClass: NativeClass:/Script/Niagara.NiagaraActor Name:NiagaraActor_UAID_704D7B63233DE67601_2087169273 Label:Dust_In_Air27 SpatiallyLoaded:1 Bounds:IsValid=true, Min=(X=1180.000 Y=-310.000 Z=-900.000), Max=(X=3180.000 Y=1690.000 Z=1100.000) RuntimeGrid:None EditorOnly:0 RuntimeOnly:0 HLODRelevant:0
 |   |   |- [+] [ 66]
 |   |   |   |- Guid:34445A6648480811DD36B0A10D3F3EB9 BaseClass: NativeClass:/Script/Niagara.NiagaraActor Name:NiagaraActor_UAID_704D7B63233DE67601_2091170274 Label:Dust_In_Air28 SpatiallyLoaded:1 Bounds:IsValid=true, Min=(X=-100.000 Y=720.000 Z=-1000.000), Max=(X=1900.000 Y=2720.000 Z=1000.000) RuntimeGrid:None EditorOnly:0 RuntimeOnly:0 HLODRelevant:0
 |   |   |- [+] [ 67]
 |   |   |   |- Guid:AD2047D9450A6A167A6962991EA3A279 BaseClass: NativeClass:/Script/Niagara.NiagaraActor Name:NiagaraActor_UAID_704D7B63233DE67601_2097129275 Label:Dust_In_Air29 SpatiallyLoaded:1 Bounds:IsValid=true, Min=(X=-80.000 Y=-30.000 Z=-1000.000), Max=(X=1920.000 Y=1970.000 Z=1000.000) RuntimeGrid:None EditorOnly:0 RuntimeOnly:0 HLODRelevant:0
 |   |   |- [+] [ 68]
 |   |   |   |- Guid:11532D7C4F5EE0DC6D374196DA6C265F BaseClass: NativeClass:/Script/Niagara.NiagaraActor Name:NiagaraActor_UAID_704D7B63233DE67601_2101682276 Label:Dust_In_Air30 SpatiallyLoaded:1 Bounds:IsValid=true, Min=(X=-710.000 Y=1040.000 Z=-1000.000), Max=(X=1290.000 Y=3040.000 Z=1000.000) RuntimeGrid:None EditorOnly:0 RuntimeOnly:0 HLODRelevant:0
 |   |   |- [+] [ 69]
 |   |   |   |- Guid:795F44FD4775F0C364BAC7A5D4E8DEF1 BaseClass: NativeClass:/Script/Niagara.NiagaraActor Name:NiagaraActor_UAID_704D7B63233DE67601_2108849277 Label:Dust_In_Air31 SpatiallyLoaded:1 Bounds:IsValid=true, Min=(X=-100.000 Y=-700.000 Z=-1000.000), Max=(X=1900.000 Y=1300.000 Z=1000.000) RuntimeGrid:None EditorOnly:0 RuntimeOnly:0 HLODRelevant:0
 |   |   |- [+] [ 70]
 |   |   |   |- Guid:AF5232AC478D8E99EB7927A144BF96AA BaseClass: NativeClass:/Script/Niagara.NiagaraActor Name:NiagaraActor_UAID_704D7B63233DE67601_2110874278 Label:Dust_In_Air32 SpatiallyLoaded:1 Bounds:IsValid=true, Min=(X=910.000 Y=-750.000 Z=-1000.000), Max=(X=2910.000 Y=1250.000 Z=1000.000) RuntimeGrid:None EditorOnly:0 RuntimeOnly:0 HLODRelevant:0
 |   |   |- [+] [ 71]
 |   |   |   |- Guid:B02D6E02479B45B2C299E6819D9FD899 BaseClass: NativeClass:/Script/Niagara.NiagaraActor Name:NiagaraActor_UAID_704D7B63233DE67601_2118405279 Label:Dust_In_Air33 SpatiallyLoaded:1 Bounds:IsValid=true, Min=(X=1000.000 Y=480.000 Z=-1000.000), Max=(X=3000.000 Y=2480.000 Z=1000.000) RuntimeGrid:None EditorOnly:0 RuntimeOnly:0 HLODRelevant:0
 |   |   |- [+] [ 72]
 |   |   |   |- Guid:9635215F438BFC54865AC7A0395E944C BaseClass: NativeClass:/Script/Niagara.NiagaraActor Name:NiagaraActor_UAID_704D7B63233DE67601_2126658280 Label:Dust_In_Air34 SpatiallyLoaded:1 Bounds:IsValid=true, Min=(X=440.000 Y=-680.000 Z=-1000.000), Max=(X=2440.000 Y=1320.000 Z=1000.000) RuntimeGrid:None EditorOnly:0 RuntimeOnly:0 HLODRelevant:0
 |   |   |- [+] [ 73]
 |   |   |   |- Guid:38BD930040D2F9F9597064946FB6F105 BaseClass: NativeClass:/Script/Niagara.NiagaraActor Name:NiagaraActor_UAID_704D7B63233DE67601_2128731281 Label:Dust_In_Air35 SpatiallyLoaded:1 Bounds:IsValid=true, Min=(X=-590.000 Y=-730.000 Z=-1000.000), Max=(X=1410.000 Y=1270.000 Z=1000.000) RuntimeGrid:None EditorOnly:0 RuntimeOnly:0 HLODRelevant:0
 |   |   |- [+] [ 74]
 |   |   |   |- Guid:2D9AD44B4131848C6B3C67B35207DB1E BaseClass: NativeClass:/Script/Niagara.NiagaraActor Name:NiagaraActor_UAID_704D7B63233DE67601_2134273282 Label:Dust_In_Air36 SpatiallyLoaded:1 Bounds:IsValid=true, Min=(X=300.000 Y=560.000 Z=-1000.000), Max=(X=2300.000 Y=2560.000 Z=1000.000) RuntimeGrid:None EditorOnly:0 RuntimeOnly:0 HLODRelevant:0
 |   |   |- [+] [ 75]
 |   |   |   |- Guid:9ABF78124C017DFBD66ADF98C9201EEC BaseClass: NativeClass:/Script/Engine.AmbientSound Name:AmbientSound_UAID_704D7B63233DE77601_1500365459 Label:Random_FootSteps SpatiallyLoaded:1 Bounds:IsValid=true, Min=(X=1080.000 Y=1250.000 Z=0.000), Max=(X=1080.000 Y=1250.000 Z=0.000) RuntimeGrid:None EditorOnly:0 RuntimeOnly:0 HLODRelevant:0
 |- ContainerInstances:
 |- [+] MainContainer:
 |   |-        ID: 0x0000000000000000
 |   |-    Bounds: IsValid=false, Min=(X=0.000 Y=0.000 Z=0.000), Max=(X=0.000 Y=0.000 Z=0.000)
 |   |- Transform: 0.000000,0.000000,0.000000|0.000000,0.000000,-0.000000|1.000000,1.000000,1.000000
 |   |- Container: /Game/ThirdPerson/Maps/ThirdPersonMap
----------------------------------------------------------------------------------------------------------------
ThirdPersonMap - Persistent Level
----------------------------------------------------------------------------------------------------------------
Always loaded Actor Count: 156 

----------------------------------------------------------------------------------------------------------------
ThirdPersonMap - Runtime Spatial Hash - Streaming Grid - MainGrid
----------------------------------------------------------------------------------------------------------------
            Origin: X=0.000 Y=0.000 Z=0.000
         Cell Size: 12800
      World Bounds: IsValid=false, Min=(X=0.000 Y=0.000 Z=0.000), Max=(X=0.000 Y=0.000 Z=0.000)
     Loading Range: 25600.00
Block Slow Loading: No
 ClientOnlyVisible: No

[+] Grid Levels: 1
 |- Level  0: Cell Count    0 | Cell Size   12800 | Actor Count    0 (0.0%)

[+] Content of Grid Level 0

